<?xml version="1.0" encoding="UTF-8"?>
<!-- Generated by org.testng.reporters.JUnitXMLReporter -->
<testsuite hostname="DESKTOP-617NJEG" ignored="6" name="Test" tests="3" failures="0" timestamp="2020-05-19T17:58:47 IST" time="37.865" errors="0">
  <testcase name="loginDDT" time="5.373" classname="com.framework.testcase.TC_LoginTest_001"/>
  <testcase name="FlightFinder" time="15.918" classname="com.framework.testcase.TC_FlightFinderTest_002"/>
  <testcase name="SelectFlightPage" time="4.797" classname="com.framework.testcase.TC_SelectFlightTest_003"/>
  <testcase name="@BeforeTest setup" time="0.0" classname="com.framework.testcase.BaseClass">
    <ignored/>
  </testcase> <!-- @BeforeTest setup -->
  <testcase name="@BeforeTest setup" time="0.0" classname="com.framework.testcase.BaseClass">
    <ignored/>
  </testcase> <!-- @BeforeTest setup -->
  <testcase name="@BeforeTest setup" time="0.0" classname="com.framework.testcase.BaseClass">
    <ignored/>
  </testcase> <!-- @BeforeTest setup -->
  <testcase name="@AfterSuite teardown" time="0.0" classname="com.framework.testcase.BaseClass">
    <ignored/>
  </testcase> <!-- @AfterSuite teardown -->
  <testcase name="@AfterSuite teardown" time="0.0" classname="com.framework.testcase.BaseClass">
    <ignored/>
  </testcase> <!-- @AfterSuite teardown -->
  <testcase name="@AfterSuite teardown" time="0.0" classname="com.framework.testcase.BaseClass">
    <ignored/>
  </testcase> <!-- @AfterSuite teardown -->
</testsuite> <!-- Test -->
